0 info it worked if it ends with ok
1 verbose cli [ '/Users/jkinman/.nvm/versions/node/v6.1.0/bin/node',
1 verbose cli   '/Users/jkinman/.nvm/versions/node/v6.1.0/bin/npm',
1 verbose cli   'start' ]
2 info using npm@3.8.6
3 info using node@v6.1.0
4 verbose run-script [ 'prestart', 'start', 'poststart' ]
5 info lifecycle botkit-starter-facebook@0.0.2~prestart: botkit-starter-facebook@0.0.2
6 silly lifecycle botkit-starter-facebook@0.0.2~prestart: no script for prestart, continuing
7 info lifecycle botkit-starter-facebook@0.0.2~start: botkit-starter-facebook@0.0.2
8 verbose lifecycle botkit-starter-facebook@0.0.2~start: unsafe-perm in lifecycle true
9 verbose lifecycle botkit-starter-facebook@0.0.2~start: PATH: /Users/jkinman/.nvm/versions/node/v6.1.0/lib/node_modules/npm/bin/node-gyp-bin:/Users/jkinman/dev/botkit-starter-facebook/node_modules/.bin:/Users/jkinman/.nvm/versions/node/v6.1.0/bin:/Users/jkinman/.nvm/versions/node/v6.1.0/bin:/Users/jkinman/.rbenv/shims:/usr/local/bin:/Users/jkinman/.bin:/Users/jkinman/.rbenv/shims:/usr/local/bin:/Users/jkinman/.bin:/usr/local/bin:/usr/bin:/bin:/usr/sbin:/sbin:/Users/jkinman/dev/android-sdk-macosx/tools/:/Users/jkinman/dev/android-sdk-macosx/platform-tools/:/Users/jkinman/dev/android-sdk-macosx/tools/:/Users/jkinman/dev/android-sdk-macosx/platform-tools/
10 verbose lifecycle botkit-starter-facebook@0.0.2~start: CWD: /Users/jkinman/dev/botkit-starter-facebook
11 silly lifecycle botkit-starter-facebook@0.0.2~start: Args: [ '-c', 'node bot.js' ]
12 silly lifecycle botkit-starter-facebook@0.0.2~start: Returned: code: 1  signal: null
13 info lifecycle botkit-starter-facebook@0.0.2~start: Failed to exec start script
14 verbose stack Error: botkit-starter-facebook@0.0.2 start: `node bot.js`
14 verbose stack Exit status 1
14 verbose stack     at EventEmitter.<anonymous> (/Users/jkinman/.nvm/versions/node/v6.1.0/lib/node_modules/npm/lib/utils/lifecycle.js:239:16)
14 verbose stack     at emitTwo (events.js:106:13)
14 verbose stack     at EventEmitter.emit (events.js:191:7)
14 verbose stack     at ChildProcess.<anonymous> (/Users/jkinman/.nvm/versions/node/v6.1.0/lib/node_modules/npm/lib/utils/spawn.js:24:14)
14 verbose stack     at emitTwo (events.js:106:13)
14 verbose stack     at ChildProcess.emit (events.js:191:7)
14 verbose stack     at maybeClose (internal/child_process.js:850:16)
14 verbose stack     at Process.ChildProcess._handle.onexit (internal/child_process.js:215:5)
15 verbose pkgid botkit-starter-facebook@0.0.2
16 verbose cwd /Users/jkinman/dev/botkit-starter-facebook
17 error Darwin 14.5.0
18 error argv "/Users/jkinman/.nvm/versions/node/v6.1.0/bin/node" "/Users/jkinman/.nvm/versions/node/v6.1.0/bin/npm" "start"
19 error node v6.1.0
20 error npm  v3.8.6
21 error code ELIFECYCLE
22 error botkit-starter-facebook@0.0.2 start: `node bot.js`
22 error Exit status 1
23 error Failed at the botkit-starter-facebook@0.0.2 start script 'node bot.js'.
23 error Make sure you have the latest version of node.js and npm installed.
23 error If you do, this is most likely a problem with the botkit-starter-facebook package,
23 error not with npm itself.
23 error Tell the author that this fails on your system:
23 error     node bot.js
23 error You can get information on how to open an issue for this project with:
23 error     npm bugs botkit-starter-facebook
23 error Or if that isn't available, you can get their info via:
23 error     npm owner ls botkit-starter-facebook
23 error There is likely additional logging output above.
24 verbose exit [ 1, true ]
